This file contains any messages produced by compilers while
running configure, to aid debugging if configure makes a mistake.

It was created by geocode configure 7.10, which was
generated by GNU Autoconf 2.64.  Invocation command line was

  $ ./configure 

## --------- ##
## Platform. ##
## --------- ##

hostname = introspector-desktop
uname -m = i686
uname -r = 2.6.31-18-generic
uname -s = Linux
uname -v = #55-Ubuntu SMP Fri Jan 8 14:55:26 UTC 2010

/usr/bin/uname -p = unknown
/bin/uname -X     = unknown

/bin/arch              = unknown
/usr/bin/arch -k       = unknown
/usr/convex/getsysinfo = unknown
/usr/bin/hostinfo      = unknown
/bin/machine           = unknown
/usr/bin/oslevel       = unknown
/bin/universe          = unknown

PATH: /usr/local/sbin
PATH: /usr/local/bin
PATH: /usr/sbin
PATH: /usr/bin
PATH: /sbin
PATH: /bin
PATH: /usr/games


## ----------- ##
## Core tests. ##
## ----------- ##

configure:2246: checking for a BSD-compatible install
configure:2314: result: /usr/bin/install -c
configure:2325: checking whether build environment is sane
configure:2375: result: yes
configure:2516: checking for a thread-safe mkdir -p
configure:2555: result: /bin/mkdir -p
configure:2568: checking for gawk
configure:2584: found /usr/bin/gawk
configure:2595: result: gawk
configure:2606: checking whether make sets $(MAKE)
configure:2628: result: yes
configure:2772: checking for g++
configure:2788: found /usr/local/bin/g++
configure:2799: result: g++
configure:2826: checking for C++ compiler version
configure:2835: g++ --version >&5
g++ (GCC) 4.5.0 20100113 (experimental)
Copyright (C) 2010 Free Software Foundation, Inc.
This is free software; see the source for copying conditions.  There is NO
warranty; not even for MERCHANTABILITY or FITNESS FOR A PARTICULAR PURPOSE.

configure:2846: $? = 0
configure:2835: g++ -v >&5
Using built-in specs.
COLLECT_GCC=g++
COLLECT_LTO_WRAPPER=/usr/local/libexec/gcc/i686-pc-linux-gnu/4.5.0/lto-wrapper
Target: i686-pc-linux-gnu
Configured with: ../configure --srcdir=.. --with-mpc=/usr/local/
Thread model: posix
gcc version 4.5.0 20100113 (experimental) (GCC) 
configure:2846: $? = 0
configure:2835: g++ -V >&5
g++: '-V' option must have argument
configure:2846: $? = 1
configure:2835: g++ -qversion >&5
g++: unrecognized option '-qversion'
g++: no input files
configure:2846: $? = 1
configure:2868: checking for C++ compiler default output file name
configure:2890: g++    conftest.cpp  >&5
configure:2894: $? = 0
configure:2931: result: a.out
configure:2947: checking whether the C++ compiler works
configure:2956: ./a.out
configure:2960: $? = 0
configure:2975: result: yes
configure:2982: checking whether we are cross compiling
configure:2984: result: no
configure:2987: checking for suffix of executables
configure:2994: g++ -o conftest    conftest.cpp  >&5
configure:2998: $? = 0
configure:3020: result: 
configure:3026: checking for suffix of object files
configure:3048: g++ -c   conftest.cpp >&5
configure:3052: $? = 0
configure:3073: result: o
configure:3077: checking whether we are using the GNU C++ compiler
configure:3096: g++ -c   conftest.cpp >&5
configure:3096: $? = 0
configure:3105: result: yes
configure:3114: checking whether g++ accepts -g
configure:3134: g++ -c -g  conftest.cpp >&5
configure:3134: $? = 0
configure:3175: result: yes
configure:3209: checking for style of include used by make
configure:3237: result: GNU
configure:3262: checking dependency style of g++
configure:3372: result: none
configure:3435: checking for gcc
configure:3451: found /usr/local/bin/gcc
configure:3462: result: gcc
configure:3691: checking for C compiler version
configure:3700: gcc --version >&5
gcc (GCC) 4.5.0 20100113 (experimental)
Copyright (C) 2010 Free Software Foundation, Inc.
This is free software; see the source for copying conditions.  There is NO
warranty; not even for MERCHANTABILITY or FITNESS FOR A PARTICULAR PURPOSE.

configure:3711: $? = 0
configure:3700: gcc -v >&5
Using built-in specs.
COLLECT_GCC=gcc
COLLECT_LTO_WRAPPER=/usr/local/libexec/gcc/i686-pc-linux-gnu/4.5.0/lto-wrapper
Target: i686-pc-linux-gnu
Configured with: ../configure --srcdir=.. --with-mpc=/usr/local/
Thread model: posix
gcc version 4.5.0 20100113 (experimental) (GCC) 
configure:3711: $? = 0
configure:3700: gcc -V >&5
gcc: '-V' option must have argument
configure:3711: $? = 1
configure:3700: gcc -qversion >&5
gcc: unrecognized option '-qversion'
gcc: no input files
configure:3711: $? = 1
configure:3715: checking whether we are using the GNU C compiler
configure:3734: gcc -c   conftest.c >&5
configure:3734: $? = 0
configure:3743: result: yes
configure:3752: checking whether gcc accepts -g
configure:3772: gcc -c -g  conftest.c >&5
configure:3772: $? = 0
configure:3813: result: yes
configure:3830: checking for gcc option to accept ISO C89
configure:3894: gcc  -c -g -O2  conftest.c >&5
configure:3894: $? = 0
configure:3907: result: none needed
configure:3929: checking dependency style of gcc
configure:4039: result: none
configure:4064: checking how to run the C preprocessor
configure:4095: gcc -E  conftest.c
configure:4095: $? = 0
configure:4109: gcc -E  conftest.c
conftest.c:11:28: fatal error: ac_nonexistent.h: No such file or directory
compilation terminated.
configure:4109: $? = 1
configure: failed program was:
| /* confdefs.h */
| #define PACKAGE_NAME "geocode"
| #define PACKAGE_TARNAME "geocode"
| #define PACKAGE_VERSION "7.10"
| #define PACKAGE_STRING "geocode 7.10"
| #define PACKAGE_BUGREPORT "JamesMikeDuPont@gmail.com"
| #define PACKAGE_URL ""
| #define PACKAGE "geocode"
| #define VERSION "7.10"
| /* end confdefs.h.  */
| #include <ac_nonexistent.h>
configure:4134: result: gcc -E
configure:4154: gcc -E  conftest.c
configure:4154: $? = 0
configure:4168: gcc -E  conftest.c
conftest.c:11:28: fatal error: ac_nonexistent.h: No such file or directory
compilation terminated.
configure:4168: $? = 1
configure: failed program was:
| /* confdefs.h */
| #define PACKAGE_NAME "geocode"
| #define PACKAGE_TARNAME "geocode"
| #define PACKAGE_VERSION "7.10"
| #define PACKAGE_STRING "geocode 7.10"
| #define PACKAGE_BUGREPORT "JamesMikeDuPont@gmail.com"
| #define PACKAGE_URL ""
| #define PACKAGE "geocode"
| #define VERSION "7.10"
| /* end confdefs.h.  */
| #include <ac_nonexistent.h>
configure:4197: checking for grep that handles long lines and -e
configure:4255: result: /bin/grep
configure:4260: checking for egrep
configure:4322: result: /bin/grep -E
configure:4327: checking for ANSI C header files
configure:4347: gcc -c -g -O2  conftest.c >&5
configure:4347: $? = 0
configure:4420: gcc -o conftest -g -O2   conftest.c  >&5
configure:4420: $? = 0
configure:4420: ./conftest
configure:4420: $? = 0
configure:4431: result: yes
configure:4444: checking for sys/types.h
configure:4444: gcc -c -g -O2  conftest.c >&5
configure:4444: $? = 0
configure:4444: result: yes
configure:4444: checking for sys/stat.h
configure:4444: gcc -c -g -O2  conftest.c >&5
configure:4444: $? = 0
configure:4444: result: yes
configure:4444: checking for stdlib.h
configure:4444: gcc -c -g -O2  conftest.c >&5
configure:4444: $? = 0
configure:4444: result: yes
configure:4444: checking for string.h
configure:4444: gcc -c -g -O2  conftest.c >&5
configure:4444: $? = 0
configure:4444: result: yes
configure:4444: checking for memory.h
configure:4444: gcc -c -g -O2  conftest.c >&5
configure:4444: $? = 0
configure:4444: result: yes
configure:4444: checking for strings.h
configure:4444: gcc -c -g -O2  conftest.c >&5
configure:4444: $? = 0
configure:4444: result: yes
configure:4444: checking for inttypes.h
configure:4444: gcc -c -g -O2  conftest.c >&5
configure:4444: $? = 0
configure:4444: result: yes
configure:4444: checking for stdint.h
configure:4444: gcc -c -g -O2  conftest.c >&5
configure:4444: $? = 0
configure:4444: result: yes
configure:4444: checking for unistd.h
configure:4444: gcc -c -g -O2  conftest.c >&5
configure:4444: $? = 0
configure:4444: result: yes
configure:4460: checking for stdlib.h
configure:4460: result: yes
configure:4460: checking for string.h
configure:4460: result: yes
configure:4460: checking for unistd.h
configure:4460: result: yes
configure:4473: checking for stdbool.h that conforms to C99
configure:4558: gcc -c -g -O2  conftest.c >&5
configure:4558: $? = 0
configure:4565: result: yes
configure:4567: checking for _Bool
configure:4567: gcc -c -g -O2  conftest.c >&5
configure:4567: $? = 0
configure:4567: gcc -c -g -O2  conftest.c >&5
conftest.c: In function 'main':
conftest.c:60:20: error: expected expression before ')' token
configure:4567: $? = 1
configure: failed program was:
| /* confdefs.h */
| #define PACKAGE_NAME "geocode"
| #define PACKAGE_TARNAME "geocode"
| #define PACKAGE_VERSION "7.10"
| #define PACKAGE_STRING "geocode 7.10"
| #define PACKAGE_BUGREPORT "JamesMikeDuPont@gmail.com"
| #define PACKAGE_URL ""
| #define PACKAGE "geocode"
| #define VERSION "7.10"
| #define STDC_HEADERS 1
| #define HAVE_SYS_TYPES_H 1
| #define HAVE_SYS_STAT_H 1
| #define HAVE_STDLIB_H 1
| #define HAVE_STRING_H 1
| #define HAVE_MEMORY_H 1
| #define HAVE_STRINGS_H 1
| #define HAVE_INTTYPES_H 1
| #define HAVE_STDINT_H 1
| #define HAVE_UNISTD_H 1
| #define HAVE_STDLIB_H 1
| #define HAVE_STRING_H 1
| #define HAVE_UNISTD_H 1
| /* end confdefs.h.  */
| #include <stdio.h>
| #ifdef HAVE_SYS_TYPES_H
| # include <sys/types.h>
| #endif
| #ifdef HAVE_SYS_STAT_H
| # include <sys/stat.h>
| #endif
| #ifdef STDC_HEADERS
| # include <stdlib.h>
| # include <stddef.h>
| #else
| # ifdef HAVE_STDLIB_H
| #  include <stdlib.h>
| # endif
| #endif
| #ifdef HAVE_STRING_H
| # if !defined STDC_HEADERS && defined HAVE_MEMORY_H
| #  include <memory.h>
| # endif
| # include <string.h>
| #endif
| #ifdef HAVE_STRINGS_H
| # include <strings.h>
| #endif
| #ifdef HAVE_INTTYPES_H
| # include <inttypes.h>
| #endif
| #ifdef HAVE_STDINT_H
| # include <stdint.h>
| #endif
| #ifdef HAVE_UNISTD_H
| # include <unistd.h>
| #endif
| int
| main ()
| {
| if (sizeof ((_Bool)))
| 	    return 0;
|   ;
|   return 0;
| }
configure:4567: result: yes
configure:4583: checking for inline
configure:4599: gcc -c -g -O2  conftest.c >&5
configure:4599: $? = 0
configure:4607: result: inline
configure:4625: checking for C/C++ restrict keyword
configure:4650: gcc -c -g -O2  conftest.c >&5
configure:4650: $? = 0
configure:4658: result: __restrict
configure:4671: checking for size_t
configure:4671: gcc -c -g -O2  conftest.c >&5
configure:4671: $? = 0
configure:4671: gcc -c -g -O2  conftest.c >&5
conftest.c: In function 'main':
conftest.c:63:21: error: expected expression before ')' token
configure:4671: $? = 1
configure: failed program was:
| /* confdefs.h */
| #define PACKAGE_NAME "geocode"
| #define PACKAGE_TARNAME "geocode"
| #define PACKAGE_VERSION "7.10"
| #define PACKAGE_STRING "geocode 7.10"
| #define PACKAGE_BUGREPORT "JamesMikeDuPont@gmail.com"
| #define PACKAGE_URL ""
| #define PACKAGE "geocode"
| #define VERSION "7.10"
| #define STDC_HEADERS 1
| #define HAVE_SYS_TYPES_H 1
| #define HAVE_SYS_STAT_H 1
| #define HAVE_STDLIB_H 1
| #define HAVE_STRING_H 1
| #define HAVE_MEMORY_H 1
| #define HAVE_STRINGS_H 1
| #define HAVE_INTTYPES_H 1
| #define HAVE_STDINT_H 1
| #define HAVE_UNISTD_H 1
| #define HAVE_STDLIB_H 1
| #define HAVE_STRING_H 1
| #define HAVE_UNISTD_H 1
| #define HAVE__BOOL 1
| #define HAVE_STDBOOL_H 1
| #define restrict __restrict
| /* end confdefs.h.  */
| #include <stdio.h>
| #ifdef HAVE_SYS_TYPES_H
| # include <sys/types.h>
| #endif
| #ifdef HAVE_SYS_STAT_H
| # include <sys/stat.h>
| #endif
| #ifdef STDC_HEADERS
| # include <stdlib.h>
| # include <stddef.h>
| #else
| # ifdef HAVE_STDLIB_H
| #  include <stdlib.h>
| # endif
| #endif
| #ifdef HAVE_STRING_H
| # if !defined STDC_HEADERS && defined HAVE_MEMORY_H
| #  include <memory.h>
| # endif
| # include <string.h>
| #endif
| #ifdef HAVE_STRINGS_H
| # include <strings.h>
| #endif
| #ifdef HAVE_INTTYPES_H
| # include <inttypes.h>
| #endif
| #ifdef HAVE_STDINT_H
| # include <stdint.h>
| #endif
| #ifdef HAVE_UNISTD_H
| # include <unistd.h>
| #endif
| int
| main ()
| {
| if (sizeof ((size_t)))
| 	    return 0;
|   ;
|   return 0;
| }
configure:4671: result: yes
configure:4687: checking for memset
configure:4687: gcc -o conftest -g -O2   conftest.c  >&5
conftest.c:50:6: warning: conflicting types for built-in function 'memset'
configure:4687: $? = 0
configure:4687: result: yes
configure:4687: checking for sqrt
configure:4687: gcc -o conftest -g -O2   conftest.c  >&5
conftest.c:51:6: warning: conflicting types for built-in function 'sqrt'
/tmp/cc4cQs8h.o: In function `main':
/media/sdd2/home/mdupont/2010/02/OAD/GEOCODER/trunk/geocoder/conftest.c:62: undefined reference to `sqrt'
collect2: ld returned 1 exit status
configure:4687: $? = 1
configure: failed program was:
| /* confdefs.h */
| #define PACKAGE_NAME "geocode"
| #define PACKAGE_TARNAME "geocode"
| #define PACKAGE_VERSION "7.10"
| #define PACKAGE_STRING "geocode 7.10"
| #define PACKAGE_BUGREPORT "JamesMikeDuPont@gmail.com"
| #define PACKAGE_URL ""
| #define PACKAGE "geocode"
| #define VERSION "7.10"
| #define STDC_HEADERS 1
| #define HAVE_SYS_TYPES_H 1
| #define HAVE_SYS_STAT_H 1
| #define HAVE_STDLIB_H 1
| #define HAVE_STRING_H 1
| #define HAVE_MEMORY_H 1
| #define HAVE_STRINGS_H 1
| #define HAVE_INTTYPES_H 1
| #define HAVE_STDINT_H 1
| #define HAVE_UNISTD_H 1
| #define HAVE_STDLIB_H 1
| #define HAVE_STRING_H 1
| #define HAVE_UNISTD_H 1
| #define HAVE__BOOL 1
| #define HAVE_STDBOOL_H 1
| #define restrict __restrict
| #define HAVE_MEMSET 1
| /* end confdefs.h.  */
| /* Define sqrt to an innocuous variant, in case <limits.h> declares sqrt.
|    For example, HP-UX 11i <limits.h> declares gettimeofday.  */
| #define sqrt innocuous_sqrt
| 
| /* System header to define __stub macros and hopefully few prototypes,
|     which can conflict with char sqrt (); below.
|     Prefer <limits.h> to <assert.h> if __STDC__ is defined, since
|     <limits.h> exists even on freestanding compilers.  */
| 
| #ifdef __STDC__
| # include <limits.h>
| #else
| # include <assert.h>
| #endif
| 
| #undef sqrt
| 
| /* Override any GCC internal prototype to avoid an error.
|    Use char because int might match the return type of a GCC
|    builtin and then its argument prototype would still apply.  */
| #ifdef __cplusplus
| extern "C"
| #endif
| char sqrt ();
| /* The GNU C library defines this for functions which it implements
|     to always fail with ENOSYS.  Some functions are actually named
|     something starting with __ and the normal name is an alias.  */
| #if defined __stub_sqrt || defined __stub___sqrt
| choke me
| #endif
| 
| int
| main ()
| {
| return sqrt ();
|   ;
|   return 0;
| }
configure:4687: result: no
configure:4687: checking for strchr
configure:4687: gcc -o conftest -g -O2   conftest.c  >&5
conftest.c:51:6: warning: conflicting types for built-in function 'strchr'
configure:4687: $? = 0
configure:4687: result: yes
configure:4687: checking for strstr
configure:4687: gcc -o conftest -g -O2   conftest.c  >&5
conftest.c:52:6: warning: conflicting types for built-in function 'strstr'
configure:4687: $? = 0
configure:4687: result: yes
configure:4823: creating ./config.status

## ---------------------- ##
## Running config.status. ##
## ---------------------- ##

This file was extended by geocode config.status 7.10, which was
generated by GNU Autoconf 2.64.  Invocation command line was

  CONFIG_FILES    = 
  CONFIG_HEADERS  = 
  CONFIG_LINKS    = 
  CONFIG_COMMANDS = 
  $ ./config.status 

on introspector-desktop

config.status:847: error: cannot find input file: `Makefile.in'

## ---------------- ##
## Cache variables. ##
## ---------------- ##

ac_cv_c_compiler_gnu=yes
ac_cv_c_inline=inline
ac_cv_c_restrict=__restrict
ac_cv_cxx_compiler_gnu=yes
ac_cv_env_CCC_set=
ac_cv_env_CCC_value=
ac_cv_env_CC_set=
ac_cv_env_CC_value=
ac_cv_env_CFLAGS_set=
ac_cv_env_CFLAGS_value=
ac_cv_env_CPPFLAGS_set=
ac_cv_env_CPPFLAGS_value=
ac_cv_env_CPP_set=
ac_cv_env_CPP_value=
ac_cv_env_CXXFLAGS_set=
ac_cv_env_CXXFLAGS_value=
ac_cv_env_CXX_set=
ac_cv_env_CXX_value=
ac_cv_env_LDFLAGS_set=
ac_cv_env_LDFLAGS_value=
ac_cv_env_LIBS_set=
ac_cv_env_LIBS_value=
ac_cv_env_build_alias_set=
ac_cv_env_build_alias_value=
ac_cv_env_host_alias_set=
ac_cv_env_host_alias_value=
ac_cv_env_target_alias_set=
ac_cv_env_target_alias_value=
ac_cv_func_memset=yes
ac_cv_func_sqrt=no
ac_cv_func_strchr=yes
ac_cv_func_strstr=yes
ac_cv_header_inttypes_h=yes
ac_cv_header_memory_h=yes
ac_cv_header_stdbool_h=yes
ac_cv_header_stdc=yes
ac_cv_header_stdint_h=yes
ac_cv_header_stdlib_h=yes
ac_cv_header_string_h=yes
ac_cv_header_strings_h=yes
ac_cv_header_sys_stat_h=yes
ac_cv_header_sys_types_h=yes
ac_cv_header_unistd_h=yes
ac_cv_objext=o
ac_cv_path_EGREP='/bin/grep -E'
ac_cv_path_GREP=/bin/grep
ac_cv_path_install='/usr/bin/install -c'
ac_cv_path_mkdir=/bin/mkdir
ac_cv_prog_AWK=gawk
ac_cv_prog_CPP='gcc -E'
ac_cv_prog_ac_ct_CC=gcc
ac_cv_prog_ac_ct_CXX=g++
ac_cv_prog_cc_c89=
ac_cv_prog_cc_g=yes
ac_cv_prog_cxx_g=yes
ac_cv_prog_make_make_set=yes
ac_cv_type__Bool=yes
ac_cv_type_size_t=yes
am_cv_CC_dependencies_compiler_type=none
am_cv_CXX_dependencies_compiler_type=none

## ----------------- ##
## Output variables. ##
## ----------------- ##

ACLOCAL='${SHELL} /media/sdd2/home/mdupont/2010/02/OAD/GEOCODER/trunk/geocoder/missing --run aclocal-1.11'
AMDEPBACKSLASH='\'
AMDEP_FALSE='#'
AMDEP_TRUE=''
AMTAR='${SHELL} /media/sdd2/home/mdupont/2010/02/OAD/GEOCODER/trunk/geocoder/missing --run tar'
AUTOCONF='${SHELL} /media/sdd2/home/mdupont/2010/02/OAD/GEOCODER/trunk/geocoder/missing --run autoconf'
AUTOHEADER='${SHELL} /media/sdd2/home/mdupont/2010/02/OAD/GEOCODER/trunk/geocoder/missing --run autoheader'
AUTOMAKE='${SHELL} /media/sdd2/home/mdupont/2010/02/OAD/GEOCODER/trunk/geocoder/missing --run automake-1.11'
AWK='gawk'
CC='gcc'
CCDEPMODE='depmode=none'
CFLAGS='-g -O2'
CPP='gcc -E'
CPPFLAGS=''
CXX='g++'
CXXDEPMODE='depmode=none'
CXXFLAGS='-g -O2'
CYGPATH_W='echo'
DEFS='-DHAVE_CONFIG_H'
DEPDIR='.deps'
ECHO_C=''
ECHO_N='-n'
ECHO_T=''
EGREP='/bin/grep -E'
EXEEXT=''
GREP='/bin/grep'
INSTALL_DATA='${INSTALL} -m 644'
INSTALL_PROGRAM='${INSTALL}'
INSTALL_SCRIPT='${INSTALL}'
INSTALL_STRIP_PROGRAM='$(install_sh) -c -s'
LDFLAGS=''
LIBOBJS=''
LIBS=''
LTLIBOBJS=''
MAKEINFO='${SHELL} /media/sdd2/home/mdupont/2010/02/OAD/GEOCODER/trunk/geocoder/missing --run makeinfo'
MKDIR_P='/bin/mkdir -p'
OBJEXT='o'
PACKAGE='geocode'
PACKAGE_BUGREPORT='JamesMikeDuPont@gmail.com'
PACKAGE_NAME='geocode'
PACKAGE_STRING='geocode 7.10'
PACKAGE_TARNAME='geocode'
PACKAGE_URL=''
PACKAGE_VERSION='7.10'
PATH_SEPARATOR=':'
SET_MAKE=''
SHELL='/bin/bash'
STRIP=''
VERSION='7.10'
ac_ct_CC='gcc'
ac_ct_CXX='g++'
am__EXEEXT_FALSE=''
am__EXEEXT_TRUE='#'
am__fastdepCC_FALSE=''
am__fastdepCC_TRUE='#'
am__fastdepCXX_FALSE=''
am__fastdepCXX_TRUE='#'
am__include='include'
am__isrc=''
am__leading_dot='.'
am__quote=''
am__tar='${AMTAR} chof - "$$tardir"'
am__untar='${AMTAR} xf -'
bindir='${exec_prefix}/bin'
build_alias=''
datadir='${datarootdir}'
datarootdir='${prefix}/share'
docdir='${datarootdir}/doc/${PACKAGE_TARNAME}'
dvidir='${docdir}'
exec_prefix='${prefix}'
host_alias=''
htmldir='${docdir}'
includedir='${prefix}/include'
infodir='${datarootdir}/info'
install_sh='${SHELL} /media/sdd2/home/mdupont/2010/02/OAD/GEOCODER/trunk/geocoder/install-sh'
libdir='${exec_prefix}/lib'
libexecdir='${exec_prefix}/libexec'
localedir='${datarootdir}/locale'
localstatedir='${prefix}/var'
mandir='${datarootdir}/man'
mkdir_p='/bin/mkdir -p'
oldincludedir='/usr/include'
pdfdir='${docdir}'
prefix='/usr/local'
program_transform_name='s,x,x,'
psdir='${docdir}'
sbindir='${exec_prefix}/sbin'
sharedstatedir='${prefix}/com'
sysconfdir='${prefix}/etc'
target_alias=''

## ----------- ##
## confdefs.h. ##
## ----------- ##

/* confdefs.h */
#define PACKAGE_NAME "geocode"
#define PACKAGE_TARNAME "geocode"
#define PACKAGE_VERSION "7.10"
#define PACKAGE_STRING "geocode 7.10"
#define PACKAGE_BUGREPORT "JamesMikeDuPont@gmail.com"
#define PACKAGE_URL ""
#define PACKAGE "geocode"
#define VERSION "7.10"
#define STDC_HEADERS 1
#define HAVE_SYS_TYPES_H 1
#define HAVE_SYS_STAT_H 1
#define HAVE_STDLIB_H 1
#define HAVE_STRING_H 1
#define HAVE_MEMORY_H 1
#define HAVE_STRINGS_H 1
#define HAVE_INTTYPES_H 1
#define HAVE_STDINT_H 1
#define HAVE_UNISTD_H 1
#define HAVE_STDLIB_H 1
#define HAVE_STRING_H 1
#define HAVE_UNISTD_H 1
#define HAVE__BOOL 1
#define HAVE_STDBOOL_H 1
#define restrict __restrict
#define HAVE_MEMSET 1
#define HAVE_STRCHR 1
#define HAVE_STRSTR 1

configure: exit 1
